touch: cannot touch '/XDG_BLUR': Permission denied
/home/thatgeekyweeb/BlurME/BlurME: 26: cannot create /XDG_BLUR: Permission denied
///output.png
Bluring with scale of 20
Wallpaper is /home/thatgeekyweeb/Pictures/wallpaper3.png
Blurring with scale of 20
Blurring, image with scale of 20
Blurred!
4 Windows/Widgets Are Open
Widget Amount is 2
Blurring
/home/thatgeekyweeb/BlurME
///output.png
///output.png
Bluring with scale of 20
Wallpaper is /home/thatgeekyweeb/Pictures/wallpaper3.png
saving to /home/thatgeekyweeb/BlurME///output.png
Blurring with scale of 20
Blurring, image with scale of 20
Blurred!
4 Windows/Widgets Are Open
Widget Amount is 2
Blurring
/home/thatgeekyweeb/BlurME
///output.png
///output.png
Bluring with scale of 20
Wallpaper is /home/thatgeekyweeb/Pictures/wallpaper3.png
saving to /home/thatgeekyweeb/BlurME///output.png
Blurring with scale of 20
Blurring, image with scale of 20
SIGINT caught!
